2020-12-27 15:28:30,628 [Worker-3: Loading available Gradle versions] INFO  o.e.b.c.i.u.g.PublishedGradleVersions - Gradle version information cache is up-to-date. Trying to read.
2020-12-27 15:28:59,783 [Worker-6: Importing Maven projects] INFO  o.e.m.c.i.l.LifecycleMappingFactory - Using org.eclipse.m2e.jdt.JarLifecycleMapping lifecycle mapping for MavenProject: org.openjfx:BoardGameApp:1.0-SNAPSHOT @ C:\Users\Gaia\Documents\GitHub\Large-Scale-Project\BoardGameApp\pom.xml.
2020-12-27 15:29:01,131 [Worker-6: Importing Maven projects] INFO  o.e.m.c.i.e.AbstractTransferListenerAdapter - Downloaded http://nexus.gluonhq.com/nexus/content/repositories/releases/org/neo4j/driver/neo4j-java-driver/4.2.0/neo4j-java-driver-4.2.0.pom
2020-12-27 15:29:01,550 [Worker-6: Importing Maven projects] INFO  o.e.m.c.i.e.AbstractTransferListenerAdapter - Downloading https://repo.maven.apache.org/maven2/org/neo4j/driver/neo4j-java-driver/4.2.0/neo4j-java-driver-4.2.0.pom
2020-12-27 15:29:01,664 [Worker-6: Importing Maven projects] INFO  o.e.m.c.i.e.AbstractTransferListenerAdapter - Downloaded https://repo.maven.apache.org/maven2/org/neo4j/driver/neo4j-java-driver/4.2.0/neo4j-java-driver-4.2.0.pom
2020-12-27 15:29:01,937 [Worker-6: Importing Maven projects] INFO  o.e.m.c.i.e.AbstractTransferListenerAdapter - Downloaded http://nexus.gluonhq.com/nexus/content/repositories/releases/org/neo4j/driver/neo4j-java-driver-parent/4.2.0/neo4j-java-driver-parent-4.2.0.pom
2020-12-27 15:29:01,977 [Worker-6: Importing Maven projects] INFO  o.e.m.c.i.e.AbstractTransferListenerAdapter - Downloading https://repo.maven.apache.org/maven2/org/neo4j/driver/neo4j-java-driver-parent/4.2.0/neo4j-java-driver-parent-4.2.0.pom
2020-12-27 15:29:03,016 [Worker-6: Importing Maven projects] INFO  o.e.m.c.i.e.AbstractTransferListenerAdapter - Downloaded https://repo.maven.apache.org/maven2/org/neo4j/driver/neo4j-java-driver-parent/4.2.0/neo4j-java-driver-parent-4.2.0.pom
2020-12-27 15:29:03,284 [Worker-6: Importing Maven projects] INFO  o.e.m.c.i.e.AbstractTransferListenerAdapter - Downloaded http://nexus.gluonhq.com/nexus/content/repositories/releases/io/projectreactor/reactor-bom/Dysprosium-SR13/reactor-bom-Dysprosium-SR13.pom
2020-12-27 15:29:03,330 [Worker-6: Importing Maven projects] INFO  o.e.m.c.i.e.AbstractTransferListenerAdapter - Downloading https://repo.maven.apache.org/maven2/io/projectreactor/reactor-bom/Dysprosium-SR13/reactor-bom-Dysprosium-SR13.pom
2020-12-27 15:29:03,402 [Worker-6: Importing Maven projects] INFO  o.e.m.c.i.e.AbstractTransferListenerAdapter - Downloaded https://repo.maven.apache.org/maven2/io/projectreactor/reactor-bom/Dysprosium-SR13/reactor-bom-Dysprosium-SR13.pom
2020-12-27 15:29:04,272 [Worker-6: Importing Maven projects] INFO  o.e.m.c.i.e.AbstractTransferListenerAdapter - Downloaded http://nexus.gluonhq.com/nexus/content/repositories/releases/org/neo4j/driver/neo4j-java-driver/4.2.0/neo4j-java-driver-4.2.0.jar
2020-12-27 15:29:04,350 [Worker-6: Importing Maven projects] INFO  o.e.m.c.i.e.AbstractTransferListenerAdapter - Downloading https://repo.maven.apache.org/maven2/org/neo4j/driver/neo4j-java-driver/4.2.0/neo4j-java-driver-4.2.0.jar
2020-12-27 15:29:06,639 [Worker-6: Importing Maven projects] INFO  o.e.m.c.i.e.AbstractTransferListenerAdapter - Downloaded https://repo.maven.apache.org/maven2/org/neo4j/driver/neo4j-java-driver/4.2.0/neo4j-java-driver-4.2.0.jar
2020-12-27 15:29:08,361 [Worker-6: Importing Maven projects] INFO  o.e.m.j.i.AbstractJavaProjectConfigurator - Adding source folder /BoardGameApp/src/main/java
2020-12-27 15:29:08,362 [Worker-6: Importing Maven projects] INFO  o.e.m.j.i.AbstractJavaProjectConfigurator - Adding resource folder /BoardGameApp/src/main/resources
2020-12-27 15:29:08,379 [Worker-6: Importing Maven projects] INFO  o.e.m.j.i.AbstractJavaProjectConfigurator - Adding source folder /BoardGameApp/src/test/java
2020-12-27 15:29:09,716 [Worker-8: Download sources and javadoc] INFO  o.e.m.c.i.e.AbstractTransferListenerAdapter - Downloaded http://nexus.gluonhq.com/nexus/content/repositories/releases/org/neo4j/driver/neo4j-java-driver/4.2.0/neo4j-java-driver-4.2.0-sources.jar
2020-12-27 15:29:10,156 [Worker-6: Importing Maven projects] INFO  o.e.m.c.i.p.ProjectConfigurationManager - Imported and configured 1 project(s) in 13 sec
2020-12-27 15:29:10,587 [Worker-8: Download sources and javadoc] INFO  o.e.m.c.i.e.AbstractTransferListenerAdapter - Downloading https://repo.maven.apache.org/maven2/org/neo4j/driver/neo4j-java-driver/4.2.0/neo4j-java-driver-4.2.0-sources.jar
2020-12-27 15:29:15,007 [Worker-8: Download sources and javadoc] INFO  o.e.m.c.i.e.AbstractTransferListenerAdapter - Downloaded https://repo.maven.apache.org/maven2/org/neo4j/driver/neo4j-java-driver/4.2.0/neo4j-java-driver-4.2.0-sources.jar
2020-12-27 15:29:15,191 [Worker-8: Download sources and javadoc] INFO  o.e.m.j.internal.DownloadSourcesJob - Downloaded sources for org.neo4j.driver:neo4j-java-driver:4.2.0
2020-12-27 15:29:15,200 [Worker-8: Download sources and javadoc] INFO  o.e.m.j.internal.DownloadSourcesJob - Downloaded sources for org.neo4j.driver:neo4j-java-driver:4.2.0
2020-12-27 15:29:15,207 [Worker-8: Download sources and javadoc] INFO  o.e.m.j.internal.DownloadSourcesJob - Downloaded sources for org.neo4j.driver:neo4j-java-driver:4.2.0
2020-12-27 15:29:17,612 [Worker-4: Building] INFO  o.e.m.c.i.embedder.EclipseLogger - Using 'UTF-8' encoding to copy filtered resources.
2020-12-27 15:29:17,617 [Worker-4: Building] INFO  o.e.m.c.i.embedder.EclipseLogger - Copying 9 resources
2020-12-27 15:29:17,949 [Worker-4: Building] INFO  o.e.m.c.i.embedder.EclipseLogger - Using 'UTF-8' encoding to copy filtered resources.
2020-12-27 15:29:17,949 [Worker-4: Building] INFO  o.e.m.c.i.embedder.EclipseLogger - skip non existing resourceDirectory C:\Users\Gaia\Documents\GitHub\Large-Scale-Project\BoardGameApp\src\test\resources
2020-12-28 18:14:59,356 [Worker-0: Loading available Gradle versions] INFO  o.e.b.c.i.u.g.PublishedGradleVersions - Gradle version information cache is up-to-date. Trying to read.
2020-12-28 18:16:06,623 [Worker-8: Importing Maven projects] INFO  o.e.m.c.i.l.LifecycleMappingFactory - Using org.eclipse.m2e.jdt.JarLifecycleMapping lifecycle mapping for MavenProject: org.openjfx:BoardGameApp:1.0-SNAPSHOT @ C:\Users\Gaia\Documents\GitHub\Large-Scale-Project\BoardGameApp\pom.xml.
2020-12-28 18:16:07,840 [Worker-8: Importing Maven projects] INFO  o.e.m.j.i.AbstractJavaProjectConfigurator - Adding source folder /BoardGameApp/src/main/java
2020-12-28 18:16:07,841 [Worker-8: Importing Maven projects] INFO  o.e.m.j.i.AbstractJavaProjectConfigurator - Adding resource folder /BoardGameApp/src/main/resources
2020-12-28 18:16:07,858 [Worker-8: Importing Maven projects] INFO  o.e.m.j.i.AbstractJavaProjectConfigurator - Adding source folder /BoardGameApp/src/test/java
2020-12-28 18:16:09,496 [Worker-8: Importing Maven projects] INFO  o.e.m.c.i.p.ProjectConfigurationManager - Imported and configured 1 project(s) in 5 sec
2020-12-28 18:16:13,338 [Worker-6: Building] INFO  o.e.m.c.i.embedder.EclipseLogger - Using 'UTF-8' encoding to copy filtered resources.
2020-12-28 18:16:13,400 [Worker-6: Building] INFO  o.e.m.c.i.embedder.EclipseLogger - Copying 11 resources
2020-12-28 18:16:13,489 [Worker-6: Building] INFO  o.e.m.c.i.embedder.EclipseLogger - Using 'UTF-8' encoding to copy filtered resources.
2020-12-28 18:16:13,489 [Worker-6: Building] INFO  o.e.m.c.i.embedder.EclipseLogger - skip non existing resourceDirectory C:\Users\Gaia\Documents\GitHub\Large-Scale-Project\BoardGameApp\src\test\resources
2020-12-28 18:17:22,175 [Worker-8: Building] INFO  o.e.m.c.i.embedder.EclipseLogger - Using 'UTF-8' encoding to copy filtered resources.
2020-12-28 18:17:22,177 [Worker-8: Building] INFO  o.e.m.c.i.embedder.EclipseLogger - Copying 0 resource
2020-12-28 18:17:22,179 [Worker-8: Building] INFO  o.e.m.c.i.embedder.EclipseLogger - Using 'UTF-8' encoding to copy filtered resources.
2020-12-28 18:17:22,179 [Worker-8: Building] INFO  o.e.m.c.i.embedder.EclipseLogger - skip non existing resourceDirectory C:\Users\Gaia\Documents\GitHub\Large-Scale-Project\BoardGameApp\src\test\resources
2020-12-28 18:17:55,662 [Worker-4: Building] INFO  o.e.m.c.i.embedder.EclipseLogger - Using 'UTF-8' encoding to copy filtered resources.
2020-12-28 18:17:55,678 [Worker-4: Building] INFO  o.e.m.c.i.embedder.EclipseLogger - Copying 11 resources
2020-12-28 18:17:55,686 [Worker-4: Building] INFO  o.e.m.c.i.embedder.EclipseLogger - Using 'UTF-8' encoding to copy filtered resources.
2020-12-28 18:17:55,687 [Worker-4: Building] INFO  o.e.m.c.i.embedder.EclipseLogger - skip non existing resourceDirectory C:\Users\Gaia\Documents\GitHub\Large-Scale-Project\BoardGameApp\src\test\resources
2020-12-28 18:18:34,225 [Worker-8: Building] INFO  o.e.m.c.i.embedder.EclipseLogger - Using 'UTF-8' encoding to copy filtered resources.
2020-12-28 18:18:34,230 [Worker-8: Building] INFO  o.e.m.c.i.embedder.EclipseLogger - Copying 11 resources
2020-12-28 18:18:34,235 [Worker-8: Building] INFO  o.e.m.c.i.embedder.EclipseLogger - Using 'UTF-8' encoding to copy filtered resources.
2020-12-28 18:18:34,236 [Worker-8: Building] INFO  o.e.m.c.i.embedder.EclipseLogger - skip non existing resourceDirectory C:\Users\Gaia\Documents\GitHub\Large-Scale-Project\BoardGameApp\src\test\resources
2020-12-28 18:25:42,720 [Worker-12: Building] INFO  o.e.m.c.i.l.LifecycleMappingFactory - Using org.eclipse.m2e.jdt.JarLifecycleMapping lifecycle mapping for MavenProject: org.openjfx:BoardGameApp:1.0-SNAPSHOT @ C:\Users\Gaia\Documents\GitHub\Large-Scale-Project\BoardGameApp\pom.xml.
2020-12-28 18:25:44,049 [Worker-12: Building] INFO  o.e.m.c.i.embedder.EclipseLogger - Using 'UTF-8' encoding to copy filtered resources.
2020-12-28 18:25:44,051 [Worker-12: Building] INFO  o.e.m.c.i.embedder.EclipseLogger - Copying 0 resource
2020-12-28 18:25:44,053 [Worker-12: Building] INFO  o.e.m.c.i.embedder.EclipseLogger - Using 'UTF-8' encoding to copy filtered resources.
2020-12-28 18:25:44,054 [Worker-12: Building] INFO  o.e.m.c.i.embedder.EclipseLogger - skip non existing resourceDirectory C:\Users\Gaia\Documents\GitHub\Large-Scale-Project\BoardGameApp\src\test\resources
2020-12-28 18:27:35,858 [Worker-15: Launching Main] INFO  o.e.m.c.i.l.LifecycleMappingFactory - Using org.eclipse.m2e.jdt.JarLifecycleMapping lifecycle mapping for MavenProject: org.openjfx:BoardGameApp:1.0-SNAPSHOT @ C:\Users\Gaia\Documents\GitHub\Large-Scale-Project\BoardGameApp\pom.xml.
2020-12-28 18:27:36,584 [Worker-15: Launching Main] INFO  o.e.m.c.i.embedder.EclipseLogger - Using 'UTF-8' encoding to copy filtered resources.
2020-12-28 18:27:36,586 [Worker-15: Launching Main] INFO  o.e.m.c.i.embedder.EclipseLogger - Copying 0 resource
2020-12-28 18:27:36,588 [Worker-15: Launching Main] INFO  o.e.m.c.i.embedder.EclipseLogger - Using 'UTF-8' encoding to copy filtered resources.
2020-12-28 18:27:36,588 [Worker-15: Launching Main] INFO  o.e.m.c.i.embedder.EclipseLogger - skip non existing resourceDirectory C:\Users\Gaia\Documents\GitHub\Large-Scale-Project\BoardGameApp\src\test\resources
2020-12-28 18:27:59,223 [Worker-8: Building] INFO  o.e.m.c.i.l.LifecycleMappingFactory - Using org.eclipse.m2e.jdt.JarLifecycleMapping lifecycle mapping for MavenProject: org.openjfx:BoardGameApp:1.0-SNAPSHOT @ C:\Users\Gaia\Documents\GitHub\Large-Scale-Project\BoardGameApp\pom.xml.
2020-12-28 18:27:59,887 [Worker-8: Building] INFO  o.e.m.c.i.embedder.EclipseLogger - Using 'UTF-8' encoding to copy filtered resources.
2020-12-28 18:27:59,889 [Worker-8: Building] INFO  o.e.m.c.i.embedder.EclipseLogger - Copying 0 resource
2020-12-28 18:27:59,891 [Worker-8: Building] INFO  o.e.m.c.i.embedder.EclipseLogger - Using 'UTF-8' encoding to copy filtered resources.
2020-12-28 18:27:59,892 [Worker-8: Building] INFO  o.e.m.c.i.embedder.EclipseLogger - skip non existing resourceDirectory C:\Users\Gaia\Documents\GitHub\Large-Scale-Project\BoardGameApp\src\test\resources
2020-12-28 18:30:36,858 [Worker-12: Building] INFO  o.e.m.c.i.l.LifecycleMappingFactory - Using org.eclipse.m2e.jdt.JarLifecycleMapping lifecycle mapping for MavenProject: org.openjfx:BoardGameApp:1.0-SNAPSHOT @ C:\Users\Gaia\Documents\GitHub\Large-Scale-Project\BoardGameApp\pom.xml.
2020-12-28 18:30:37,524 [Worker-12: Building] INFO  o.e.m.c.i.embedder.EclipseLogger - Using 'UTF-8' encoding to copy filtered resources.
2020-12-28 18:30:37,525 [Worker-12: Building] INFO  o.e.m.c.i.embedder.EclipseLogger - Copying 0 resource
2020-12-28 18:30:37,527 [Worker-12: Building] INFO  o.e.m.c.i.embedder.EclipseLogger - Using 'UTF-8' encoding to copy filtered resources.
2020-12-28 18:30:37,527 [Worker-12: Building] INFO  o.e.m.c.i.embedder.EclipseLogger - skip non existing resourceDirectory C:\Users\Gaia\Documents\GitHub\Large-Scale-Project\BoardGameApp\src\test\resources
2020-12-28 18:32:00,453 [Worker-10: Building] INFO  o.e.m.c.i.l.LifecycleMappingFactory - Using org.eclipse.m2e.jdt.JarLifecycleMapping lifecycle mapping for MavenProject: org.openjfx:BoardGameApp:0.0.1-SNAPSHOT @ C:\Users\Gaia\Documents\GitHub\Large-Scale-Project\BoardGameApp\pom.xml.
2020-12-28 18:32:01,079 [Worker-10: Building] INFO  o.e.m.c.i.embedder.EclipseLogger - Using 'UTF-8' encoding to copy filtered resources.
2020-12-28 18:32:01,080 [Worker-10: Building] INFO  o.e.m.c.i.embedder.EclipseLogger - Copying 0 resource
2020-12-28 18:32:01,082 [Worker-10: Building] INFO  o.e.m.c.i.embedder.EclipseLogger - Using 'UTF-8' encoding to copy filtered resources.
2020-12-28 18:32:01,083 [Worker-10: Building] INFO  o.e.m.c.i.embedder.EclipseLogger - skip non existing resourceDirectory C:\Users\Gaia\Documents\GitHub\Large-Scale-Project\BoardGameApp\src\test\resources
2020-12-28 18:32:44,288 [Worker-10: Building] INFO  o.e.m.c.i.l.LifecycleMappingFactory - Using org.eclipse.m2e.jdt.JarLifecycleMapping lifecycle mapping for MavenProject: org.openjfx:BoardGameApp:1.0-SNAPSHOT @ C:\Users\Gaia\Documents\GitHub\Large-Scale-Project\BoardGameApp\pom.xml.
2020-12-28 18:32:44,912 [Worker-10: Building] INFO  o.e.m.c.i.embedder.EclipseLogger - Using 'UTF-8' encoding to copy filtered resources.
2020-12-28 18:32:44,913 [Worker-10: Building] INFO  o.e.m.c.i.embedder.EclipseLogger - Copying 0 resource
2020-12-28 18:32:44,915 [Worker-10: Building] INFO  o.e.m.c.i.embedder.EclipseLogger - Using 'UTF-8' encoding to copy filtered resources.
2020-12-28 18:32:44,915 [Worker-10: Building] INFO  o.e.m.c.i.embedder.EclipseLogger - skip non existing resourceDirectory C:\Users\Gaia\Documents\GitHub\Large-Scale-Project\BoardGameApp\src\test\resources
